This is pdfTeX, Version 3.14159265-2.6-1.40.16 (MiKTeX 2.9 64-bit) (preloaded format=pdflatex 2015.10.5)  3 JUN 2016 19:35
entering extended mode
**diplomamunka.tex
(diplomamunka.tex
LaTeX2e <2015/01/01> patch level 2
Babel <3.9m> and hyphenation patterns for 69 languages loaded.
("C:\Program Files\MiKTeX 2.9\tex\latex\base\article.cls"
Document Class: article 2014/09/29 v1.4h Standard LaTeX document class
("C:\Program Files\MiKTeX 2.9\tex\latex\base\size12.clo"
File: size12.clo 2014/09/29 v1.4h Standard LaTeX file (size option)
)
\c@part=\count79
\c@section=\count80
\c@subsection=\count81
\c@subsubsection=\count82
\c@paragraph=\count83
\c@subparagraph=\count84
\c@figure=\count85
\c@table=\count86
\abovecaptionskip=\skip41
\belowcaptionskip=\skip42
\bibindent=\dimen102
)
("C:\Program Files\MiKTeX 2.9\tex\latex\geometry\geometry.sty"
Package: geometry 2010/09/12 v5.6 Page Geometry

("C:\Program Files\MiKTeX 2.9\tex\latex\graphics\keyval.sty"
Package: keyval 2014/10/28 v1.15 key=value parser (DPC)
\KV@toks@=\toks14
)
("C:\Program Files\MiKTeX 2.9\tex\generic\oberdiek\ifpdf.sty"
Package: ifpdf 2011/01/30 v2.3 Provides the ifpdf switch (HO)
Package ifpdf Info: pdfTeX in PDF mode is detected.
)
("C:\Program Files\MiKTeX 2.9\tex\generic\oberdiek\ifvtex.sty"
Package: ifvtex 2010/03/01 v1.5 Detect VTeX and its facilities (HO)
Package ifvtex Info: VTeX not detected.
)
("C:\Program Files\MiKTeX 2.9\tex\generic\ifxetex\ifxetex.sty"
Package: ifxetex 2010/09/12 v0.6 Provides ifxetex conditional
)
\Gm@cnth=\count87
\Gm@cntv=\count88
\c@Gm@tempcnt=\count89
\Gm@bindingoffset=\dimen103
\Gm@wd@mp=\dimen104
\Gm@odd@mp=\dimen105
\Gm@even@mp=\dimen106
\Gm@layoutwidth=\dimen107
\Gm@layoutheight=\dimen108
\Gm@layouthoffset=\dimen109
\Gm@layoutvoffset=\dimen110
\Gm@dimlist=\toks15

("C:\Program Files\MiKTeX 2.9\tex\latex\geometry\geometry.cfg"))
("C:\Program Files\MiKTeX 2.9\tex\latex\base\inputenc.sty"
Package: inputenc 2015/03/17 v1.2c Input encoding file
\inpenc@prehook=\toks16
\inpenc@posthook=\toks17

("C:\Program Files\MiKTeX 2.9\tex\latex\base\utf8.def"
File: utf8.def 2015/06/27 v1.1n UTF-8 support for inputenc
Now handling font encoding OML ...
... no UTF-8 mapping file for font encoding OML
Now handling font encoding T1 ...
... processing UTF-8 mapping file for font encoding T1

("C:\Program Files\MiKTeX 2.9\tex\latex\base\t1enc.dfu"
File: t1enc.dfu 2015/06/27 v1.1n UTF-8 support for inputenc
   defining Unicode char U+00A1 (decimal 161)
   defining Unicode char U+00A3 (decimal 163)
   defining Unicode char U+00AB (decimal 171)
   defining Unicode char U+00BB (decimal 187)
   defining Unicode char U+00BF (decimal 191)
   defining Unicode char U+00C0 (decimal 192)
   defining Unicode char U+00C1 (decimal 193)
   defining Unicode char U+00C2 (decimal 194)
   defining Unicode char U+00C3 (decimal 195)
   defining Unicode char U+00C4 (decimal 196)
   defining Unicode char U+00C5 (decimal 197)
   defining Unicode char U+00C6 (decimal 198)
   defining Unicode char U+00C7 (decimal 199)
   defining Unicode char U+00C8 (decimal 200)
   defining Unicode char U+00C9 (decimal 201)
   defining Unicode char U+00CA (decimal 202)
   defining Unicode char U+00CB (decimal 203)
   defining Unicode char U+00CC (decimal 204)
   defining Unicode char U+00CD (decimal 205)
   defining Unicode char U+00CE (decimal 206)
   defining Unicode char U+00CF (decimal 207)
   defining Unicode char U+00D0 (decimal 208)
   defining Unicode char U+00D1 (decimal 209)
   defining Unicode char U+00D2 (decimal 210)
   defining Unicode char U+00D3 (decimal 211)
   defining Unicode char U+00D4 (decimal 212)
   defining Unicode char U+00D5 (decimal 213)
   defining Unicode char U+00D6 (decimal 214)
   defining Unicode char U+00D8 (decimal 216)
   defining Unicode char U+00D9 (decimal 217)
   defining Unicode char U+00DA (decimal 218)
   defining Unicode char U+00DB (decimal 219)
   defining Unicode char U+00DC (decimal 220)
   defining Unicode char U+00DD (decimal 221)
   defining Unicode char U+00DE (decimal 222)
   defining Unicode char U+00DF (decimal 223)
   defining Unicode char U+00E0 (decimal 224)
   defining Unicode char U+00E1 (decimal 225)
   defining Unicode char U+00E2 (decimal 226)
   defining Unicode char U+00E3 (decimal 227)
   defining Unicode char U+00E4 (decimal 228)
   defining Unicode char U+00E5 (decimal 229)
   defining Unicode char U+00E6 (decimal 230)
   defining Unicode char U+00E7 (decimal 231)
   defining Unicode char U+00E8 (decimal 232)
   defining Unicode char U+00E9 (decimal 233)
   defining Unicode char U+00EA (decimal 234)
   defining Unicode char U+00EB (decimal 235)
   defining Unicode char U+00EC (decimal 236)
   defining Unicode char U+00ED (decimal 237)
   defining Unicode char U+00EE (decimal 238)
   defining Unicode char U+00EF (decimal 239)
   defining Unicode char U+00F0 (decimal 240)
   defining Unicode char U+00F1 (decimal 241)
   defining Unicode char U+00F2 (decimal 242)
   defining Unicode char U+00F3 (decimal 243)
   defining Unicode char U+00F4 (decimal 244)
   defining Unicode char U+00F5 (decimal 245)
   defining Unicode char U+00F6 (decimal 246)
   defining Unicode char U+00F8 (decimal 248)
   defining Unicode char U+00F9 (decimal 249)
   defining Unicode char U+00FA (decimal 250)
   defining Unicode char U+00FB (decimal 251)
   defining Unicode char U+00FC (decimal 252)
   defining Unicode char U+00FD (decimal 253)
   defining Unicode char U+00FE (decimal 254)
   defining Unicode char U+00FF (decimal 255)
   defining Unicode char U+0102 (decimal 258)
   defining Unicode char U+0103 (decimal 259)
   defining Unicode char U+0104 (decimal 260)
   defining Unicode char U+0105 (decimal 261)
   defining Unicode char U+0106 (decimal 262)
   defining Unicode char U+0107 (decimal 263)
   defining Unicode char U+010C (decimal 268)
   defining Unicode char U+010D (decimal 269)
   defining Unicode char U+010E (decimal 270)
   defining Unicode char U+010F (decimal 271)
   defining Unicode char U+0110 (decimal 272)
   defining Unicode char U+0111 (decimal 273)
   defining Unicode char U+0118 (decimal 280)
   defining Unicode char U+0119 (decimal 281)
   defining Unicode char U+011A (decimal 282)
   defining Unicode char U+011B (decimal 283)
   defining Unicode char U+011E (decimal 286)
   defining Unicode char U+011F (decimal 287)
   defining Unicode char U+0130 (decimal 304)
   defining Unicode char U+0131 (decimal 305)
   defining Unicode char U+0132 (decimal 306)
   defining Unicode char U+0133 (decimal 307)
   defining Unicode char U+0139 (decimal 313)
   defining Unicode char U+013A (decimal 314)
   defining Unicode char U+013D (decimal 317)
   defining Unicode char U+013E (decimal 318)
   defining Unicode char U+0141 (decimal 321)
   defining Unicode char U+0142 (decimal 322)
   defining Unicode char U+0143 (decimal 323)
   defining Unicode char U+0144 (decimal 324)
   defining Unicode char U+0147 (decimal 327)
   defining Unicode char U+0148 (decimal 328)
   defining Unicode char U+014A (decimal 330)
   defining Unicode char U+014B (decimal 331)
   defining Unicode char U+0150 (decimal 336)
   defining Unicode char U+0151 (decimal 337)
   defining Unicode char U+0152 (decimal 338)
   defining Unicode char U+0153 (decimal 339)
   defining Unicode char U+0154 (decimal 340)
   defining Unicode char U+0155 (decimal 341)
   defining Unicode char U+0158 (decimal 344)
   defining Unicode char U+0159 (decimal 345)
   defining Unicode char U+015A (decimal 346)
   defining Unicode char U+015B (decimal 347)
   defining Unicode char U+015E (decimal 350)
   defining Unicode char U+015F (decimal 351)
   defining Unicode char U+0160 (decimal 352)
   defining Unicode char U+0161 (decimal 353)
   defining Unicode char U+0162 (decimal 354)
   defining Unicode char U+0163 (decimal 355)
   defining Unicode char U+0164 (decimal 356)
   defining Unicode char U+0165 (decimal 357)
   defining Unicode char U+016E (decimal 366)
   defining Unicode char U+016F (decimal 367)
   defining Unicode char U+0170 (decimal 368)
   defining Unicode char U+0171 (decimal 369)
   defining Unicode char U+0178 (decimal 376)
   defining Unicode char U+0179 (decimal 377)
   defining Unicode char U+017A (decimal 378)
   defining Unicode char U+017B (decimal 379)
   defining Unicode char U+017C (decimal 380)
   defining Unicode char U+017D (decimal 381)
   defining Unicode char U+017E (decimal 382)
   defining Unicode char U+200C (decimal 8204)
   defining Unicode char U+2013 (decimal 8211)
   defining Unicode char U+2014 (decimal 8212)
   defining Unicode char U+2018 (decimal 8216)
   defining Unicode char U+2019 (decimal 8217)
   defining Unicode char U+201A (decimal 8218)
   defining Unicode char U+201C (decimal 8220)
   defining Unicode char U+201D (decimal 8221)
   defining Unicode char U+201E (decimal 8222)
   defining Unicode char U+2030 (decimal 8240)
   defining Unicode char U+2031 (decimal 8241)
   defining Unicode char U+2039 (decimal 8249)
   defining Unicode char U+203A (decimal 8250)
   defining Unicode char U+2423 (decimal 9251)
)
Now handling font encoding OT1 ...
... processing UTF-8 mapping file for font encoding OT1

("C:\Program Files\MiKTeX 2.9\tex\latex\base\ot1enc.dfu"
File: ot1enc.dfu 2015/06/27 v1.1n UTF-8 support for inputenc
   defining Unicode char U+00A1 (decimal 161)
   defining Unicode char U+00A3 (decimal 163)
   defining Unicode char U+00B8 (decimal 184)
   defining Unicode char U+00BF (decimal 191)
   defining Unicode char U+00C5 (decimal 197)
   defining Unicode char U+00C6 (decimal 198)
   defining Unicode char U+00D8 (decimal 216)
   defining Unicode char U+00DF (decimal 223)
   defining Unicode char U+00E6 (decimal 230)
   defining Unicode char U+00EC (decimal 236)
   defining Unicode char U+00ED (decimal 237)
   defining Unicode char U+00EE (decimal 238)
   defining Unicode char U+00EF (decimal 239)
   defining Unicode char U+00F8 (decimal 248)
   defining Unicode char U+0131 (decimal 305)
   defining Unicode char U+0141 (decimal 321)
   defining Unicode char U+0142 (decimal 322)
   defining Unicode char U+0152 (decimal 338)
   defining Unicode char U+0153 (decimal 339)
   defining Unicode char U+2013 (decimal 8211)
   defining Unicode char U+2014 (decimal 8212)
   defining Unicode char U+2018 (decimal 8216)
   defining Unicode char U+2019 (decimal 8217)
   defining Unicode char U+201C (decimal 8220)
   defining Unicode char U+201D (decimal 8221)
)
Now handling font encoding OMS ...
... processing UTF-8 mapping file for font encoding OMS

("C:\Program Files\MiKTeX 2.9\tex\latex\base\omsenc.dfu"
File: omsenc.dfu 2015/06/27 v1.1n UTF-8 support for inputenc
   defining Unicode char U+00A7 (decimal 167)
   defining Unicode char U+00B6 (decimal 182)
   defining Unicode char U+00B7 (decimal 183)
   defining Unicode char U+2020 (decimal 8224)
   defining Unicode char U+2021 (decimal 8225)
   defining Unicode char U+2022 (decimal 8226)
)
Now handling font encoding OMX ...
... no UTF-8 mapping file for font encoding OMX
Now handling font encoding U ...
... no UTF-8 mapping file for font encoding U
   defining Unicode char U+00A9 (decimal 169)
   defining Unicode char U+00AA (decimal 170)
   defining Unicode char U+00AE (decimal 174)
   defining Unicode char U+00BA (decimal 186)
   defining Unicode char U+02C6 (decimal 710)
   defining Unicode char U+02DC (decimal 732)
   defining Unicode char U+200C (decimal 8204)
   defining Unicode char U+2026 (decimal 8230)
   defining Unicode char U+2122 (decimal 8482)
   defining Unicode char U+2423 (decimal 9251)
))
("C:\Program Files\MiKTeX 2.9\tex\latex\base\t1enc.sty"
Package: t1enc 1994/06/01 Standard LaTeX package
)
("C:\Program Files\MiKTeX 2.9\tex\latex\graphics\graphicx.sty"
Package: graphicx 2014/10/28 v1.0g Enhanced LaTeX Graphics (DPC,SPQR)

("C:\Program Files\MiKTeX 2.9\tex\latex\graphics\graphics.sty"
Package: graphics 2014/10/28 v1.0p Standard LaTeX Graphics (DPC,SPQR)

("C:\Program Files\MiKTeX 2.9\tex\latex\graphics\trig.sty"
Package: trig 1999/03/16 v1.09 sin cos tan (DPC)
)
("C:\Program Files\MiKTeX 2.9\tex\latex\00miktex\graphics.cfg"
File: graphics.cfg 2007/01/18 v1.5 graphics configuration of teTeX/TeXLive
)
Package graphics Info: Driver file: pdftex.def on input line 94.

("C:\Program Files\MiKTeX 2.9\tex\latex\pdftex-def\pdftex.def"
File: pdftex.def 2011/05/27 v0.06d Graphics/color for pdfTeX

("C:\Program Files\MiKTeX 2.9\tex\generic\oberdiek\infwarerr.sty"
Package: infwarerr 2010/04/08 v1.3 Providing info/warning/error messages (HO)
)
("C:\Program Files\MiKTeX 2.9\tex\generic\oberdiek\ltxcmds.sty"
Package: ltxcmds 2011/11/09 v1.22 LaTeX kernel commands for general use (HO)
)
\Gread@gobject=\count90
))
\Gin@req@height=\dimen111
\Gin@req@width=\dimen112
)
("C:\Program Files\MiKTeX 2.9\tex\generic\babel\babel.sty"
Package: babel 2015/08/03 3.9m The Babel package

*************************************
* Local config file bblopts.cfg used
*
("C:\Program Files\MiKTeX 2.9\tex\latex\00miktex\bblopts.cfg"
File: bblopts.cfg 2006/07/31 v1.0 MiKTeX 'babel' configuration
)
("C:\Program Files\MiKTeX 2.9\tex\latex\babel-hungarian\magyar.ldf"
Language: magyar 2007/10/19 v1.5 Magyar support from the babel v3.7 system

("C:\Program Files\MiKTeX 2.9\tex\generic\babel\babel.def"
File: babel.def 2015/08/03 3.9m Babel common definitions
\babel@savecnt=\count91
\U@D=\dimen113
)
Package babel Info: Making ` an active character on input line 2732.
\c@footnote@add=\count92
\c@footnote@ch=\count93
))
("C:\Program Files\MiKTeX 2.9\tex\latex\tocbibind\tocbibind.sty"
Package: tocbibind 2010/10/13 v1.5k extra ToC listings
Package tocbibind Info: The document has section divisions on input line 50.


Package tocbibind Note: Using section or other style headings.

) ("C:\Program Files\MiKTeX 2.9\tex\latex\pdfpages\pdfpages.sty"
Package: pdfpages 2016/04/19 v0.5f Insert pages of external PDF documents (AM)

("C:\Program Files\MiKTeX 2.9\tex\latex\base\ifthen.sty"
Package: ifthen 2014/09/29 v1.1c Standard LaTeX ifthen package (DPC)
)
("C:\Program Files\MiKTeX 2.9\tex\latex\tools\calc.sty"
Package: calc 2014/10/28 v4.3 Infix arithmetic (KKT,FJ)
\calc@Acount=\count94
\calc@Bcount=\count95
\calc@Adimen=\dimen114
\calc@Bdimen=\dimen115
\calc@Askip=\skip43
\calc@Bskip=\skip44
LaTeX Info: Redefining \setlength on input line 80.
LaTeX Info: Redefining \addtolength on input line 81.
\calc@Ccount=\count96
\calc@Cskip=\skip45
)
("C:\Program Files\MiKTeX 2.9\tex\latex\eso-pic\eso-pic.sty"
Package: eso-pic 2015/07/21 v2.0g eso-pic (RN)

("C:\Program Files\MiKTeX 2.9\tex\generic\oberdiek\atbegshi.sty"
Package: atbegshi 2011/10/05 v1.16 At begin shipout hook (HO)
)
("C:\Program Files\MiKTeX 2.9\tex\latex\xcolor\xcolor.sty"
Package: xcolor 2007/01/21 v2.11 LaTeX color extensions (UK)

("C:\Program Files\MiKTeX 2.9\tex\latex\00miktex\color.cfg"
File: color.cfg 2007/01/18 v1.5 color configuration of teTeX/TeXLive
)
Package xcolor Info: Driver file: pdftex.def on input line 225.
Package xcolor Info: Model `cmy' substituted by `cmy0' on input line 1337.
Package xcolor Info: Model `hsb' substituted by `rgb' on input line 1341.
Package xcolor Info: Model `RGB' extended on input line 1353.
Package xcolor Info: Model `HTML' substituted by `rgb' on input line 1355.
Package xcolor Info: Model `Hsb' substituted by `hsb' on input line 1356.
Package xcolor Info: Model `tHsb' substituted by `hsb' on input line 1357.
Package xcolor Info: Model `HSB' substituted by `hsb' on input line 1358.
Package xcolor Info: Model `Gray' substituted by `gray' on input line 1359.
Package xcolor Info: Model `wave' substituted by `hsb' on input line 1360.
))
\AM@pagewidth=\dimen116
\AM@pageheight=\dimen117

("C:\Program Files\MiKTeX 2.9\tex\latex\pdfpages\pppdftex.def"
File: pppdftex.def 2016/04/19 v0.5f Pdfpages driver for pdfTeX (AM)
)
\AM@pagebox=\box26
\AM@global@opts=\toks18
\AM@toc@title=\toks19
\c@AM@survey=\count97
\AM@templatesizebox=\box27
)
("C:\Program Files\MiKTeX 2.9\tex\latex\commath\commath.sty"
("C:\Program Files\MiKTeX 2.9\tex\latex\amsmath\amsmath.sty"
Package: amsmath 2013/01/14 v2.14 AMS math features
\@mathmargin=\skip46

For additional information on amsmath, use the `?' option.
("C:\Program Files\MiKTeX 2.9\tex\latex\amsmath\amstext.sty"
Package: amstext 2000/06/29 v2.01

("C:\Program Files\MiKTeX 2.9\tex\latex\amsmath\amsgen.sty"
File: amsgen.sty 1999/11/30 v2.0
\@emptytoks=\toks20
\ex@=\dimen118
))
("C:\Program Files\MiKTeX 2.9\tex\latex\amsmath\amsbsy.sty"
Package: amsbsy 1999/11/29 v1.2d
\pmbraise@=\dimen119
)
("C:\Program Files\MiKTeX 2.9\tex\latex\amsmath\amsopn.sty"
Package: amsopn 1999/12/14 v2.01 operator names
)
\inf@bad=\count98
LaTeX Info: Redefining \frac on input line 210.
\uproot@=\count99
\leftroot@=\count100
LaTeX Info: Redefining \overline on input line 306.
\classnum@=\count101
\DOTSCASE@=\count102
LaTeX Info: Redefining \ldots on input line 378.
LaTeX Info: Redefining \dots on input line 381.
LaTeX Info: Redefining \cdots on input line 466.
\Mathstrutbox@=\box28
\strutbox@=\box29
\big@size=\dimen120
LaTeX Font Info:    Redeclaring font encoding OML on input line 566.
LaTeX Font Info:    Redeclaring font encoding OMS on input line 567.
\macc@depth=\count103
\c@MaxMatrixCols=\count104
\dotsspace@=\muskip10
\c@parentequation=\count105
\dspbrk@lvl=\count106
\tag@help=\toks21
\row@=\count107
\column@=\count108
\maxfields@=\count109
\andhelp@=\toks22
\eqnshift@=\dimen121
\alignsep@=\dimen122
\tagshift@=\dimen123
\tagwidth@=\dimen124
\totwidth@=\dimen125
\lineht@=\dimen126
\@envbody=\toks23
\multlinegap=\skip47
\multlinetaggap=\skip48
\mathdisplay@stack=\toks24
LaTeX Info: Redefining \[ on input line 2665.
LaTeX Info: Redefining \] on input line 2666.
))
("C:\Program Files\MiKTeX 2.9\tex\latex\multirow\multirow.sty"
\bigstrutjot=\dimen127
)
("C:\Program Files\MiKTeX 2.9\tex\latex\caption\subcaption.sty"
Package: subcaption 2015/09/15 v1.1-100 Sub-captions (AR)

("C:\Program Files\MiKTeX 2.9\tex\latex\caption\caption.sty"
Package: caption 2015/09/17 v3.3-111 Customizing captions (AR)

("C:\Program Files\MiKTeX 2.9\tex\latex\caption\caption3.sty"
Package: caption3 2015/09/20 v1.7-115 caption3 kernel (AR)
Package caption3 Info: TeX engine: e-TeX on input line 57.
\captionmargin=\dimen128
\captionmargin@=\dimen129
\captionwidth=\dimen130
\caption@tempdima=\dimen131
\caption@indent=\dimen132
\caption@parindent=\dimen133
\caption@hangindent=\dimen134
)
\c@ContinuedFloat=\count110
Package caption Info: magyar babel option is loaded.
)
\c@subfigure=\count111
\c@subtable=\count112
)
("C:\Program Files\MiKTeX 2.9\tex\latex\subfig\subfig.sty"
Package: subfig 2005/06/28 ver: 1.3 subfig package
\c@KVtest=\count113
\sf@farskip=\skip49
\sf@captopadj=\dimen135
\sf@capskip=\skip50
\sf@nearskip=\skip51
\sf@top=\skip52
\sf@bottom=\skip53
) (diplomamunka.aux)
LaTeX Font Info:    Checking defaults for OML/cmm/m/it on input line 31.
LaTeX Font Info:    ... okay on input line 31.
LaTeX Font Info:    Checking defaults for T1/cmr/m/n on input line 31.
LaTeX Font Info:    ... okay on input line 31.
LaTeX Font Info:    Checking defaults for OT1/cmr/m/n on input line 31.
LaTeX Font Info:    ... okay on input line 31.
LaTeX Font Info:    Checking defaults for OMS/cmsy/m/n on input line 31.
LaTeX Font Info:    ... okay on input line 31.
LaTeX Font Info:    Checking defaults for OMX/cmex/m/n on input line 31.
LaTeX Font Info:    ... okay on input line 31.
LaTeX Font Info:    Checking defaults for U/cmr/m/n on input line 31.
LaTeX Font Info:    ... okay on input line 31.

*geometry* driver: auto-detecting
*geometry* detected driver: pdftex
*geometry* verbose mode - [ preamble ] result:
* driver: pdftex
* paper: a4paper
* layout: <same size as paper>
* layoutoffset:(h,v)=(0.0pt,0.0pt)
* modes: 
* h-part:(L,W,R)=(85.35826pt, 441.01773pt, 71.13188pt)
* v-part:(T,H,B)=(71.13188pt, 702.78308pt, 71.13188pt)
* \paperwidth=597.50787pt
* \paperheight=845.04684pt
* \textwidth=441.01773pt
* \textheight=702.78308pt
* \oddsidemargin=13.08827pt
* \evensidemargin=13.08827pt
* \topmargin=-38.1381pt
* \headheight=12.0pt
* \headsep=25.0pt
* \topskip=12.0pt
* \footskip=30.0pt
* \marginparwidth=35.0pt
* \marginparsep=10.0pt
* \columnsep=10.0pt
* \skip\footins=10.8pt plus 4.0pt minus 2.0pt
* \hoffset=0.0pt
* \voffset=0.0pt
* \mag=1000
* \@twocolumnfalse
* \@twosidefalse
* \@mparswitchfalse
* \@reversemarginfalse
* (1in=72.27pt=25.4mm, 1cm=28.453pt)

("C:\Program Files\MiKTeX 2.9\tex\context\base\supp-pdf.mkii"
[Loading MPS to PDF converter (version 2006.09.02).]
\scratchcounter=\count114
\scratchdimen=\dimen136
\scratchbox=\box30
\nofMPsegments=\count115
\nofMParguments=\count116
\everyMPshowfont=\toks25
\MPscratchCnt=\count117
\MPscratchDim=\dimen137
\MPnumerator=\count118
\makeMPintoPDFobject=\count119
\everyMPtoPDFconversion=\toks26
)

LaTeX Warning: Please use \usepackage[latin2]{inputenc} with
               \usepackage[magyar]{babel}.

\AtBeginShipoutBox=\box31
("C:\Program Files\MiKTeX 2.9\tex\latex\oberdiek\pdflscape.sty"
Package: pdflscape 2008/08/11 v0.10 Display of landscape pages in PDF (HO)

("C:\Program Files\MiKTeX 2.9\tex\latex\graphics\lscape.sty"
Package: lscape 2000/10/22 v3.01 Landscape Pages (DPC)
)
Package pdflscape Info: Auto-detected driver: pdftex on input line 80.
)
Package caption Info: Begin \AtBeginDocument code.
Package caption Info: subfig package v1.3 is loaded.
Package caption Info: End \AtBeginDocument code.

("C:\Program Files\MiKTeX 2.9\tex\latex\base\article.cls"
LaTeX Info: Redefining \cal on input line 511.
LaTeX Info: Redefining \mit on input line 512.
)
<abrak/bmelogo.jpg, id=1, 709.6914pt x 198.9834pt>
File: abrak/bmelogo.jpg Graphic file (type jpg)
 <use abrak/bmelogo.jpg>
Package pdftex.def Info: abrak/bmelogo.jpg used on input line 38.
(pdftex.def)             Requested size: 227.62204pt x 63.81868pt.

[1


{C:/Users/√Årp√°d/AppData/Local/MiKTeX/2.9/pdftex/config/pdftex.map} <./abrak/b
melogo.jpg>]

pdfTeX warning: pdflatex (file ./abrak/jelentkezes.pdf): PDF inclusion: found P
DF version <1.7>, but at most version <1.5> allowed
<abrak/jelentkezes.pdf, id=9, 597.55246pt x 845.07724pt>
File: abrak/jelentkezes.pdf Graphic file (type pdf)

<use abrak/jelentkezes.pdf>
Package pdftex.def Info: abrak/jelentkezes.pdf used on input line 43.
(pdftex.def)             Requested size: 597.551pt x 845.07518pt.


pdfTeX warning: pdflatex (file ./abrak/jelentkezes.pdf): PDF inclusion: found P
DF version <1.7>, but at most version <1.5> allowed
File: abrak/jelentkezes.pdf Graphic file (type pdf)
<use abrak/jelentkezes.pdf>
Package pdftex.def Info: abrak/jelentkezes.pdf used on input line 43.
(pdftex.def)             Requested size: 597.551pt x 845.07518pt.


pdfTeX warning: pdflatex (file ./abrak/jelentkezes.pdf): PDF inclusion: found P
DF version <1.7>, but at most version <1.5> allowed


pdfTeX warning: pdflatex (file ./abrak/jelentkezes.pdf): PDF inclusion: found P
DF version <1.7>, but at most version <1.5> allowed
<abrak/jelentkezes.pdf, id=12, page=1, 597.55246pt x 845.07724pt>
File: abrak/jelentkezes.pdf Graphic file (type pdf)

<use abrak/jelentkezes.pdf, page 1>
Package pdftex.def Info: abrak/jelentkezes.pdf, page1 used on input line 43.
(pdftex.def)             Requested size: 597.551pt x 845.07518pt.
File: abrak/jelentkezes.pdf Graphic file (type pdf)
 <use abrak/jelentkezes.pdf, page 1>
Package pdftex.def Info: abrak/jelentkezes.pdf, page1 used on input line 43.
(pdftex.def)             Requested size: 597.57834pt x 845.11386pt.
File: abrak/jelentkezes.pdf Graphic file (type pdf)

<use abrak/jelentkezes.pdf, page 1>
Package pdftex.def Info: abrak/jelentkezes.pdf, page1 used on input line 43.
(pdftex.def)             Requested size: 597.57834pt x 845.11386pt.
File: abrak/jelentkezes.pdf Graphic file (type pdf)
 <use abrak/jelentkezes.pdf, page 1>
Package pdftex.def Info: abrak/jelentkezes.pdf, page1 used on input line 43.
(pdftex.def)             Requested size: 597.57834pt x 845.11386pt.
File: abrak/jelentkezes.pdf Graphic file (type pdf)

<use abrak/jelentkezes.pdf, page 1>
Package pdftex.def Info: abrak/jelentkezes.pdf, page1 used on input line 43.
(pdftex.def)             Requested size: 597.57834pt x 845.11386pt.
 [1

 <./abrak/jelentkezes.pdf>]
Underfull \hbox (badness 10000) in paragraph at lines 47--49

 []


Underfull \hbox (badness 10000) in paragraph at lines 55--57

 []

[2

] (diplomamunka.toc)
\tf@toc=\write3
 [3

] [4

]
<abrak/gaingrafikon.jpg, id=50, 1204.5pt x 562.35094pt>
File: abrak/gaingrafikon.jpg Graphic file (type jpg)

<use abrak/gaingrafikon.jpg>
Package pdftex.def Info: abrak/gaingrafikon.jpg used on input line 112.
(pdftex.def)             Requested size: 352.81552pt x 164.71652pt.
 [5]
<abrak/gainnelkul.png, id=54, 1541.76pt x 867.24pt>
File: abrak/gainnelkul.png Graphic file (type png)
 <use abrak/gainnelkul.png>
Package pdftex.def Info: abrak/gainnelkul.png used on input line 124.
(pdftex.def)             Requested size: 441.01773pt x 248.06581pt.

[6 <./abrak/gaingrafikon.jpg> <./abrak/gainnelkul.png>]
<abrak/gainnel.png, id=61, 1541.76pt x 867.24pt>
File: abrak/gainnel.png Graphic file (type png)
 <use abrak/gainnel.png>
Package pdftex.def Info: abrak/gainnel.png used on input line 133.
(pdftex.def)             Requested size: 441.01773pt x 248.06581pt.

[7 <./abrak/gainnel.png (PNG copy)>] [8] [9]
<abrak/offsetslope.jpg, id=78, 1541.76pt x 867.24pt>
File: abrak/offsetslope.jpg Graphic file (type jpg)

<use abrak/offsetslope.jpg>
Package pdftex.def Info: abrak/offsetslope.jpg used on input line 223.
(pdftex.def)             Requested size: 216.1011pt x 121.5451pt.

<abrak/offsetintercept.jpg, id=79, 1541.76pt x 867.24pt>
File: abrak/offsetintercept.jpg Graphic file (type jpg)

<use abrak/offsetintercept.jpg>
Package pdftex.def Info: abrak/offsetintercept.jpg used on input line 224.
(pdftex.def)             Requested size: 216.1011pt x 121.5451pt.

<abrak/slope50.jpg, id=80, 1541.76pt x 867.24pt>
File: abrak/slope50.jpg Graphic file (type jpg)
 <use abrak/slope50.jpg>
Package pdftex.def Info: abrak/slope50.jpg used on input line 233.
(pdftex.def)             Requested size: 216.1011pt x 121.5451pt.

<abrak/intercept50.jpg, id=81, 1541.76pt x 867.24pt>
File: abrak/intercept50.jpg Graphic file (type jpg)

<use abrak/intercept50.jpg>
Package pdftex.def Info: abrak/intercept50.jpg used on input line 234.
(pdftex.def)             Requested size: 216.1011pt x 121.5451pt.
 [10] [11 <./abrak/offsetslope.jpg> <./abrak/offsetintercept.jpg> <./abrak/slop
e50.jpg> <./abrak/intercept50.jpg>] [12] [13]
[14] <abrak/geom1.jpg, id=99, 918.43124pt x 591.20876pt>
File: abrak/geom1.jpg Graphic file (type jpg)
 <use abrak/geom1.jpg>
Package pdftex.def Info: abrak/geom1.jpg used on input line 293.
(pdftex.def)             Requested size: 220.50887pt x 141.9381pt.

<abrak/geom2.jpg, id=100, 917.4275pt x 501.875pt>
File: abrak/geom2.jpg Graphic file (type jpg)
 <use abrak/geom2.jpg>
Package pdftex.def Info: abrak/geom2.jpg used on input line 307.
(pdftex.def)             Requested size: 220.50887pt x 120.62859pt.

[15 <./abrak/geom1.jpg>] [16 <./abrak/geom2.jpg>]
<abrak/etameghat.jpg, id=107, 722.7pt x 591.20876pt>
File: abrak/etameghat.jpg Graphic file (type jpg)
 <use abrak/etameghat.jpg>
Package pdftex.def Info: abrak/etameghat.jpg used on input line 336.
(pdftex.def)             Requested size: 220.50887pt x 180.38606pt.

[17 <./abrak/etameghat.jpg>]

Package amsmath Warning: Cannot use `split' here;
(amsmath)                trying to recover with `aligned' on input line 393.


Package amsmath Warning: Cannot use `split' here;
(amsmath)                trying to recover with `aligned' on input line 408.

[18] [19]

Package amsmath Warning: Cannot use `split' here;
(amsmath)                trying to recover with `aligned' on input line 470.

[20] <abrak/geomfantom.jpg, id=122, 1441.385pt x 1308.89pt>
File: abrak/geomfantom.jpg Graphic file (type jpg)

<use abrak/geomfantom.jpg>
Package pdftex.def Info: abrak/geomfantom.jpg used on input line 482.
(pdftex.def)             Requested size: 352.81552pt x 320.37129pt.
 [21 <./abrak/geomfantom.jpg>]
<abrak/geomfantom_meroleges.jpg, id=126, 1541.76pt x 867.24pt>
File: abrak/geomfantom_meroleges.jpg Graphic file (type jpg)

<use abrak/geomfantom_meroleges.jpg>
Package pdftex.def Info: abrak/geomfantom_meroleges.jpg used on input line 497.

(pdftex.def)             Requested size: 352.81552pt x 198.45529pt.

<abrak/geomfantom_parhuzamos.jpg, id=127, 1541.76pt x 867.24pt>
File: abrak/geomfantom_parhuzamos.jpg Graphic file (type jpg)

<use abrak/geomfantom_parhuzamos.jpg>
Package pdftex.def Info: abrak/geomfantom_parhuzamos.jpg used on input line 498
.
(pdftex.def)             Requested size: 352.81552pt x 198.45529pt.
 [22 <./abrak/geomfantom_meroleges.jpg> <./abrak/geomfantom_parhuzamos.jpg>]
LaTeX Font Info:    Try loading font information for OMS+cmr on input line 524.


("C:\Program Files\MiKTeX 2.9\tex\latex\base\omscmr.fd"
File: omscmr.fd 2014/09/29 v2.5h Standard LaTeX font definitions
)
LaTeX Font Info:    Font shape `OMS/cmr/m/n' in size <12> not available
(Font)              Font shape `OMS/cmsy/m/n' tried instead on input line 524.
 [23]
<abrak/geomui.jpg, id=134, 886.31125pt x 713.66624pt>
File: abrak/geomui.jpg Graphic file (type jpg)
 <use abrak/geomui.jpg>
Package pdftex.def Info: abrak/geomui.jpg used on input line 540.
(pdftex.def)             Requested size: 352.81552pt x 284.08934pt.

[24] [25 <./abrak/geomui.jpg>] [26]
<abrak/houghcircles.jpg, id=145, 652.4375pt x 652.4375pt>
File: abrak/houghcircles.jpg Graphic file (type jpg)

<use abrak/houghcircles.jpg>
Package pdftex.def Info: abrak/houghcircles.jpg used on input line 587.
(pdftex.def)             Requested size: 216.1011pt x 216.10147pt.
 [27]
<abrak/kisgolyo.jpg, id=149, 696.6025pt x 528.97626pt>
File: abrak/kisgolyo.jpg Graphic file (type jpg)

<use abrak/kisgolyo.jpg>
Package pdftex.def Info: abrak/kisgolyo.jpg used on input line 613.
(pdftex.def)             Requested size: 216.1011pt x 164.09393pt.

<abrak/kisgolyo_intenzitas.jpeg, id=150, 376.40625pt x 286.06876pt>
File: abrak/kisgolyo_intenzitas.jpeg Graphic file (type jpg)

<use abrak/kisgolyo_intenzitas.jpeg>
Package pdftex.def Info: abrak/kisgolyo_intenzitas.jpeg used on input line 614.

(pdftex.def)             Requested size: 216.1011pt x 164.23944pt.

<abrak/gradiens_kisgolyo.jpg, id=151, 504.88625pt x 401.5pt>
File: abrak/gradiens_kisgolyo.jpg Graphic file (type jpg)

<use abrak/gradiens_kisgolyo.jpg>
Package pdftex.def Info: abrak/gradiens_kisgolyo.jpg used on input line 622.
(pdftex.def)             Requested size: 216.1011pt x 171.85132pt.
 [28 <./abrak/houghcircles.jpg>] [29 <./abrak/kisgolyo.jpg> <./abrak/kisgolyo_i
ntenzitas.jpeg> <./abrak/gradiens_kisgolyo.jpg>] <abrak/logkernel.jpg, id=158, 
1606.0pt x 785.93625pt>
File: abrak/logkernel.jpg Graphic file (type jpg)

<use abrak/logkernel.jpg>
Package pdftex.def Info: abrak/logkernel.jpg used on input line 639.
(pdftex.def)             Requested size: 216.1011pt x 105.74902pt.
 [30 <./abrak/logkernel.jpg>]
<abrak/242_zerocross_vagott.jpg, id=165, 198.7425pt x 372.39125pt>
File: abrak/242_zerocross_vagott.jpg Graphic file (type jpg)

<use abrak/242_zerocross_vagott.jpg>
Package pdftex.def Info: abrak/242_zerocross_vagott.jpg used on input line 650.

(pdftex.def)             Requested size: 145.53665pt x 272.70705pt.

<abrak/0242_gradienttreshold.jpg, id=166, 198.7425pt x 372.39125pt>
File: abrak/0242_gradienttreshold.jpg Graphic file (type jpg)

<use abrak/0242_gradienttreshold.jpg>
Package pdftex.def Info: abrak/0242_gradienttreshold.jpg used on input line 651
.
(pdftex.def)             Requested size: 145.53665pt x 272.70705pt.
 [31 <./abrak/242_zerocross_vagott.jpg> <./abrak/0242_gradienttreshold.jpg>]
<abrak/242_max_cropped2.jpg, id=170, 250.9375pt x 372.39125pt>
File: abrak/242_max_cropped2.jpg Graphic file (type jpg)

<use abrak/242_max_cropped2.jpg>
Package pdftex.def Info: abrak/242_max_cropped2.jpg used on input line 670.
(pdftex.def)             Requested size: 183.90767pt x 272.93433pt.

<abrak/0242_korok.jpg, id=171, 149.05687pt x 279.29344pt>
File: abrak/0242_korok.jpg Graphic file (type jpg)

<use abrak/0242_korok.jpg>
Package pdftex.def Info: abrak/0242_korok.jpg used on input line 671.
(pdftex.def)             Requested size: 145.53665pt x 272.71272pt.
 [32 <./abrak/242_max_cropped2.jpg> <./abrak/0242_korok.jpg>] <abrak/ellipse1.j
peg, id=175, 1204.5pt x 562.35094pt>
File: abrak/ellipse1.jpeg Graphic file (type jpg)

<use abrak/ellipse1.jpeg>
Package pdftex.def Info: abrak/ellipse1.jpeg used on input line 685.
(pdftex.def)             Requested size: 396.91325pt x 185.31038pt.

<abrak/ellipse2.jpeg, id=176, 1204.5pt x 562.35094pt>
File: abrak/ellipse2.jpeg Graphic file (type jpg)

<use abrak/ellipse2.jpeg>
Package pdftex.def Info: abrak/ellipse2.jpeg used on input line 686.
(pdftex.def)             Requested size: 396.91325pt x 185.31038pt.
 [33] [34 <./abrak/ellipse1.jpeg> <./abrak/ellipse2.jpeg>]

LaTeX Warning: Citation `c' on page 35 undefined on input line 704.


LaTeX Warning: Citation `c' on page 35 undefined on input line 704.


Package amsmath Warning: Cannot use `split' here;
(amsmath)                trying to recover with `aligned' on input line 716.

[35]

Package amsmath Warning: Cannot use `split' here;
(amsmath)                trying to recover with `aligned' on input line 744.


Package amsmath Warning: Cannot use `split' here;
(amsmath)                trying to recover with `aligned' on input line 755.

[36] (diplomamunka.bbl
Underfull \hbox (badness 10000) in paragraph at lines 9--14
[]\T1/cmr/m/n/12 M. Har-ris.  Op-ti-mi-zing Pa-ral-lel Re-duc-ti-on in CU-DA.
 []


Underfull \hbox (badness 10000) in paragraph at lines 9--14
\T1/cmr/m/n/12 http://docs.nvidia.com/cuda/samples/6_Advanced/reduction/doc/red
uction.pdf.
 []


Underfull \hbox (badness 10000) in paragraph at lines 16--20
[]\T1/cmr/m/n/12 K. T. Mc-Do-nald.  Er-ror est-ima-ti-on in fitt-ing of el-lip-
ses.
 []


Underfull \hbox (badness 6842) in paragraph at lines 16--20
\T1/cmr/m/n/12 http://www.physics.princeton.edu/mumu/target/ellipse.pdf.  [On-l
ine; utol-sÛ
 []

) [37

] (diplomamunka.aux)

LaTeX Warning: There were undefined references.

 ) 
Here is how much of TeX's memory you used:
 6711 strings out of 493673
 101942 string characters out of 3143954
 199346 words of memory out of 3000000
 9925 multiletter control sequences out of 15000+200000
 15256 words of font info for 40 fonts, out of 3000000 for 9000
 1025 hyphenation exceptions out of 8191
 42i,19n,40p,4277b,438s stack positions out of 5000i,500n,10000p,200000b,50000s
 <C:\Users\√Årp√°d\AppData\Local\MiKTeX\2.9\fonts\pk\ljfour\jknappen\ec\dpi60
0\ecrm0800.pk> <C:\Users\√Årp√°d\AppData\Local\MiKTeX\2.9\fonts\pk\ljfour\jknap
pen\ec\dpi600\ecti1200.pk> <C:\Users\√Årp√°d\AppData\Local\MiKTeX\2.9\fonts\pk\
ljfour\jknappen\ec\dpi600\ecbx1200.pk> <C:\Users\√Årp√°d\AppData\Local\MiKTeX\2
.9\fonts\pk\ljfour\jknappen\ec\dpi600\ecbx1728.pk> <C:\Users\√Årp√°d\AppData\Lo
cal\MiKTeX\2.9\fonts\pk\ljfour\jknappen\ec\dpi600\ecrm1200.pk> <C:\Users\√Årp√°
d\AppData\Local\MiKTeX\2.9\fonts\pk\ljfour\jknappen\ec\dpi600\ecrm1440.pk> <C:\
Users\√Årp√°d\AppData\Local\MiKTeX\2.9\fonts\pk\ljfour\jknappen\ec\dpi600\ecbx1
440.pk> <C:\Users\√Årp√°d\AppData\Local\MiKTeX\2.9\fonts\pk\ljfour\jknappen\ec\
dpi600\ecrm1728.pk><C:/Program Files/MiKTeX 2.9/fonts/type1/public/amsfonts/cm/
cmex10.pfb><C:/Program Files/MiKTeX 2.9/fonts/type1/public/amsfonts/cm/cmmi12.p
fb><C:/Program Files/MiKTeX 2.9/fonts/type1/public/amsfonts/cm/cmmi6.pfb><C:/Pr
ogram Files/MiKTeX 2.9/fonts/type1/public/amsfonts/cm/cmmi8.pfb><C:/Program Fil
es/MiKTeX 2.9/fonts/type1/public/amsfonts/cm/cmr12.pfb><C:/Program Files/MiKTeX
 2.9/fonts/type1/public/amsfonts/cm/cmr6.pfb><C:/Program Files/MiKTeX 2.9/fonts
/type1/public/amsfonts/cm/cmr8.pfb><C:/Program Files/MiKTeX 2.9/fonts/type1/pub
lic/amsfonts/cm/cmsy10.pfb><C:/Program Files/MiKTeX 2.9/fonts/type1/public/amsf
onts/cm/cmsy6.pfb><C:/Program Files/MiKTeX 2.9/fonts/type1/public/amsfonts/cm/c
msy8.pfb>
Output written on diplomamunka.pdf (38 pages, 9640663 bytes).
PDF statistics:
 579 PDF objects out of 1000 (max. 8388607)
 0 named destinations out of 1000 (max. 500000)
 151 words of extra memory for PDF output out of 10000 (max. 10000000)

